\BOOKMARK [1][-]{section.1}{\376\377\000C\000o\000n\000t\000e\000x\000t\000o\000\040\000I\000n\000s\000t\000i\000t\000u\000c\000i\000o\000n\000a\000l\000:\000\040\000U\000F\000O\000P\000\040\000e\000\040\000o\000\040\000D\000E\000C\000O\000M}{}% 1
\BOOKMARK [1][-]{section.2}{\376\377\000O\000s\000\040\000D\000o\000i\000s\000\040\000C\000u\000r\000s\000o\000s\000\040\000e\000m\000\040\000P\000e\000r\000s\000p\000e\000c\000t\000i\000v\000a\000\040\000C\000o\000m\000p\000a\000r\000a\000d\000a}{}% 2
\BOOKMARK [1][-]{section.3}{\376\377\000C\000u\000r\000s\000o\000\040\000d\000e\000\040\000B\000a\000c\000h\000a\000r\000e\000l\000a\000d\000o\000\040\000e\000m\000\040\000C\000i\000\352\000n\000c\000i\000a\000\040\000d\000a\000\040\000C\000o\000m\000p\000u\000t\000a\000\347\000\343\000o}{}% 3
\BOOKMARK [2][-]{subsection.3.1}{\376\377\000M\000i\000s\000s\000\343\000o\000\040\000e\000\040\000C\000o\000n\000c\000e\000p\000\347\000\343\000o}{section.3}% 4
\BOOKMARK [2][-]{subsection.3.2}{\376\377\000P\000e\000r\000f\000i\000l\000\040\000d\000o\000\040\000E\000g\000r\000e\000s\000s\000o}{section.3}% 5
\BOOKMARK [2][-]{subsection.3.3}{\376\377\000E\000i\000x\000o\000s\000\040\000d\000e\000\040\000F\000o\000r\000m\000a\000\347\000\343\000o\000\040\000\050\000R\000e\000f\000e\000r\000e\000n\000c\000i\000a\000i\000s\000\040\000S\000B\000C\000\051}{section.3}% 6
\BOOKMARK [2][-]{subsection.3.4}{\376\377\000O\000r\000g\000a\000n\000i\000z\000a\000\347\000\343\000o\000\040\000C\000u\000r\000r\000i\000c\000u\000l\000a\000r\000\040\000d\000e\000\040\000C\000C}{section.3}% 7
\BOOKMARK [2][-]{subsection.3.5}{\376\377\000T\000r\000a\000b\000a\000l\000h\000o\000\040\000d\000e\000\040\000C\000o\000n\000c\000l\000u\000s\000\343\000o\000\040\000d\000e\000\040\000C\000u\000r\000s\000o\000\040\000\050\000C\000C\000\051}{section.3}% 8
\BOOKMARK [1][-]{section.4}{\376\377\000C\000u\000r\000s\000o\000\040\000d\000e\000\040\000B\000a\000c\000h\000a\000r\000e\000l\000a\000d\000o\000\040\000e\000m\000\040\000I\000n\000t\000e\000l\000i\000g\000\352\000n\000c\000i\000a\000\040\000A\000r\000t\000i\000f\000i\000c\000i\000a\000l}{}% 9
\BOOKMARK [2][-]{subsection.4.1}{\376\377\000M\000i\000s\000s\000\343\000o\000\040\000e\000\040\000C\000o\000n\000c\000e\000p\000\347\000\343\000o}{section.4}% 10
\BOOKMARK [2][-]{subsection.4.2}{\376\377\000P\000e\000r\000f\000i\000l\000\040\000d\000o\000\040\000E\000g\000r\000e\000s\000s\000o}{section.4}% 11
\BOOKMARK [2][-]{subsection.4.3}{\376\377\000E\000i\000x\000o\000s\000\040\000d\000e\000\040\000F\000o\000r\000m\000a\000\347\000\343\000o\000\040\000\050\000R\000e\000f\000e\000r\000e\000n\000c\000i\000a\000i\000s\000\040\000S\000B\000C\000\040\000p\000a\000r\000a\000\040\000I\000A\000\051}{section.4}% 12
\BOOKMARK [2][-]{subsection.4.4}{\376\377\000O\000r\000g\000a\000n\000i\000z\000a\000\347\000\343\000o\000\040\000C\000u\000r\000r\000i\000c\000u\000l\000a\000r\000\040\000d\000e\000\040\000I\000A}{section.4}% 13
\BOOKMARK [2][-]{subsection.4.5}{\376\377\000T\000r\000a\000b\000a\000l\000h\000o\000\040\000d\000e\000\040\000C\000o\000n\000c\000l\000u\000s\000\343\000o\000\040\000d\000e\000\040\000C\000u\000r\000s\000o\000\040\000\050\000I\000A\000\051}{section.4}% 14
\BOOKMARK [1][-]{section.5}{\376\377\000D\000e\000p\000a\000r\000t\000a\000m\000e\000n\000t\000o\000s\000\040\000E\000n\000v\000o\000l\000v\000i\000d\000o\000s\000\040\000n\000o\000s\000\040\000C\000u\000r\000s\000o\000s}{}% 15
\BOOKMARK [2][-]{subsection.5.1}{\376\377\000D\000e\000p\000a\000r\000t\000a\000m\000e\000n\000t\000o\000s\000\040\000q\000u\000e\000\040\000i\000n\000t\000e\000g\000r\000a\000m\000\040\000o\000\040\000C\000o\000l\000e\000g\000i\000a\000d\000o\000\040\000d\000e\000\040\000C\000C}{section.5}% 16
\BOOKMARK [2][-]{subsection.5.2}{\376\377\000D\000e\000p\000a\000r\000t\000a\000m\000e\000n\000t\000o\000s\000\040\000q\000u\000e\000\040\000i\000n\000t\000e\000g\000r\000a\000m\000\040\000o\000\040\000C\000o\000l\000e\000g\000i\000a\000d\000o\000\040\000d\000e\000\040\000I\000A}{section.5}% 17
\BOOKMARK [2][-]{subsection.5.3}{\376\377\000R\000e\000p\000r\000e\000s\000e\000n\000t\000a\000\347\000\343\000o\000\040\000g\000r\000\341\000f\000i\000c\000a\000\040\000d\000a\000\040\000i\000n\000t\000e\000r\000a\000\347\000\343\000o\000\040\000e\000n\000t\000r\000e\000\040\000d\000e\000p\000a\000r\000t\000a\000m\000e\000n\000t\000o\000s}{section.5}% 18
\BOOKMARK [1][-]{section.6}{\376\377\000C\000o\000m\000o\000\040\000o\000s\000\040\000C\000u\000r\000s\000o\000s\000\040\000s\000e\000\040\000R\000e\000l\000a\000c\000i\000o\000n\000a\000m\000\040\000E\000n\000t\000r\000e\000\040\000S\000i}{}% 19
\BOOKMARK [1][-]{section.7}{\376\377\000V\000i\000d\000a\000\040\000A\000c\000a\000d\000\352\000m\000i\000c\000a\000:\000\040\000O\000p\000o\000r\000t\000u\000n\000i\000d\000a\000d\000e\000s\000\040\000A\000l\000\351\000m\000\040\000d\000a\000\040\000S\000a\000l\000a\000\040\000d\000e\000\040\000A\000u\000l\000a}{}% 20
\BOOKMARK [2][-]{subsection.7.1}{\376\377\000P\000e\000s\000q\000u\000i\000s\000a\000\040\000e\000\040\000E\000x\000t\000e\000n\000s\000\343\000o}{section.7}% 21
\BOOKMARK [2][-]{subsection.7.2}{\376\377\000E\000m\000p\000r\000e\000s\000a\000\040\000J\000\372\000n\000i\000o\000r}{section.7}% 22
\BOOKMARK [2][-]{subsection.7.3}{\376\377\000P\000\363\000s\000-\000G\000r\000a\000d\000u\000a\000\347\000\343\000o}{section.7}% 23
\BOOKMARK [1][-]{section.8}{\376\377\000S\000\355\000n\000t\000e\000s\000e\000:\000\040\000O\000\040\000Q\000u\000e\000\040\000V\000o\000c\000\352\000\040\000P\000r\000e\000c\000i\000s\000a\000\040\000S\000a\000b\000e\000r\000\040\000a\000o\000\040\000I\000n\000g\000r\000e\000s\000s\000a\000r}{}% 24
